<?xml version="1.0" encoding="UTF-8"?>
<testng-results ignored="0" total="1" passed="1" failed="0" skipped="0">
  <reporter-output>
  </reporter-output>
  <suite started-at="2020-12-28T00:53:57 MEZ" name="Default suite" finished-at="2020-12-28T00:54:00 MEZ" duration-ms="2532">
    <groups>
    </groups>
    <test started-at="2020-12-28T00:53:57 MEZ" name="Default test" finished-at="2020-12-28T00:54:00 MEZ" duration-ms="2532">
      <class name="basics3">
        <test-method is-config="true" signature="getData()[pri:0, instance:basics3@29e495ff]" started-at="2020-12-28T00:53:57 MEZ" name="getData" finished-at="2020-12-28T00:53:57 MEZ" duration-ms="10" status="PASS">
          <reporter-output>
          </reporter-output>
        </test-method> <!-- getData -->
        <test-method signature="AddAndDeletePlace()[pri:0, instance:basics3@29e495ff]" started-at="2020-12-28T00:53:57 MEZ" name="AddAndDeletePlace" finished-at="2020-12-28T00:54:00 MEZ" duration-ms="2499" status="PASS">
          <reporter-output>
          </reporter-output>
        </test-method> <!-- AddAndDeletePlace -->
      </class> <!-- basics3 -->
    </test> <!-- Default test -->
  </suite> <!-- Default suite -->
</testng-results>
